TN:
SF:web/static/js/account.js
FN:2,(anonymous_0)
FN:9,(anonymous_1)
FN:20,(anonymous_2)
FN:34,(anonymous_3)
FN:41,(anonymous_4)
FN:47,(anonymous_5)
FN:53,(anonymous_6)
FN:60,(anonymous_7)
FN:68,(anonymous_8)
FN:89,(anonymous_9)
FN:106,(anonymous_10)
FN:197,(anonymous_11)
FN:215,(anonymous_12)
FN:258,(anonymous_13)
FN:283,(anonymous_14)
FN:309,(anonymous_15)
FN:334,(anonymous_16)
FN:339,(anonymous_17)
FN:352,(anonymous_18)
FN:360,(anonymous_19)
FN:365,(anonymous_20)
FN:380,(anonymous_21)
FN:389,(anonymous_22)
FNF:23
FNH:0
FNDA:0,(anonymous_0)
FNDA:0,(anonymous_1)
FNDA:0,(anonymous_2)
FNDA:0,(anonymous_3)
FNDA:0,(anonymous_4)
FNDA:0,(anonymous_5)
FNDA:0,(anonymous_6)
FNDA:0,(anonymous_7)
FNDA:0,(anonymous_8)
FNDA:0,(anonymous_9)
FNDA:0,(anonymous_10)
FNDA:0,(anonymous_11)
FNDA:0,(anonymous_12)
FNDA:0,(anonymous_13)
FNDA:0,(anonymous_14)
FNDA:0,(anonymous_15)
FNDA:0,(anonymous_16)
FNDA:0,(anonymous_17)
FNDA:0,(anonymous_18)
FNDA:0,(anonymous_19)
FNDA:0,(anonymous_20)
FNDA:0,(anonymous_21)
FNDA:0,(anonymous_22)
DA:3,0
DA:4,0
DA:5,0
DA:6,0
DA:10,0
DA:11,0
DA:12,0
DA:13,0
DA:16,0
DA:21,0
DA:22,0
DA:23,0
DA:24,0
DA:25,0
DA:26,0
DA:29,0
DA:31,0
DA:36,0
DA:37,0
DA:38,0
DA:40,0
DA:41,0
DA:42,0
DA:46,0
DA:47,0
DA:48,0
DA:53,0
DA:54,0
DA:55,0
DA:61,0
DA:69,0
DA:71,0
DA:72,0
DA:74,0
DA:85,0
DA:90,0
DA:92,0
DA:93,0
DA:94,0
DA:95,0
DA:96,0
DA:98,0
DA:101,0
DA:102,0
DA:107,0
DA:108,0
DA:110,0
DA:111,0
DA:112,0
DA:115,0
DA:116,0
DA:117,0
DA:118,0
DA:120,0
DA:121,0
DA:122,0
DA:123,0
DA:131,0
DA:139,0
DA:140,0
DA:141,0
DA:142,0
DA:143,0
DA:154,0
DA:160,0
DA:161,0
DA:162,0
DA:170,0
DA:177,0
DA:198,0
DA:200,0
DA:202,0
DA:203,0
DA:204,0
DA:205,0
DA:207,0
DA:210,0
DA:211,0
DA:216,0
DA:218,0
DA:219,0
DA:220,0
DA:221,0
DA:223,0
DA:248,0
DA:249,0
DA:250,0
DA:251,0
DA:252,0
DA:258,0
DA:280,0
DA:284,0
DA:285,0
DA:296,0
DA:297,0
DA:298,0
DA:300,0
DA:301,0
DA:304,0
DA:305,0
DA:310,0
DA:311,0
DA:321,0
DA:322,0
DA:323,0
DA:325,0
DA:326,0
DA:329,0
DA:330,0
DA:336,0
DA:340,0
DA:341,0
DA:342,0
DA:343,0
DA:345,0
DA:346,0
DA:349,0
DA:350,0
DA:352,0
DA:353,0
DA:354,0
DA:357,0
DA:361,0
DA:362,0
DA:366,0
DA:368,0
DA:369,0
DA:370,0
DA:376,0
DA:381,0
DA:382,0
DA:383,0
DA:389,0
DA:390,0
LF:134
LH:0
BRDA:11,0,0,0
BRDA:11,0,1,0
BRDA:23,1,0,0
BRDA:23,1,1,0
BRDA:40,2,0,0
BRDA:40,2,1,0
BRDA:46,3,0,0
BRDA:46,3,1,0
BRDA:54,4,0,0
BRDA:54,4,1,0
BRDA:71,5,0,0
BRDA:71,5,1,0
BRDA:72,6,0,0
BRDA:72,6,1,0
BRDA:94,7,0,0
BRDA:94,7,1,0
BRDA:110,8,0,0
BRDA:110,8,1,0
BRDA:120,9,0,0
BRDA:120,9,1,0
BRDA:139,10,0,0
BRDA:139,10,1,0
BRDA:142,11,0,0
BRDA:142,11,1,0
BRDA:183,12,0,0
BRDA:183,12,1,0
BRDA:184,13,0,0
BRDA:184,13,1,0
BRDA:203,14,0,0
BRDA:203,14,1,0
BRDA:218,15,0,0
BRDA:218,15,1,0
BRDA:219,16,0,0
BRDA:219,16,1,0
BRDA:220,17,0,0
BRDA:220,17,1,0
BRDA:221,18,0,0
BRDA:221,18,1,0
BRDA:249,19,0,0
BRDA:249,19,1,0
BRDA:250,20,0,0
BRDA:250,20,1,0
BRDA:269,21,0,0
BRDA:269,21,1,0
BRDA:296,22,0,0
BRDA:296,22,1,0
BRDA:301,23,0,0
BRDA:301,23,1,0
BRDA:321,24,0,0
BRDA:321,24,1,0
BRDA:326,25,0,0
BRDA:326,25,1,0
BRDA:366,26,0,0
BRDA:366,26,1,0
BRF:54
BRH:0
end_of_record
TN:
SF:web/static/js/app.js
FN:2,(anonymous_0)
FN:13,(anonymous_1)
FN:26,(anonymous_2)
FN:40,(anonymous_3)
FN:53,(anonymous_4)
FN:56,(anonymous_5)
FN:63,(anonymous_6)
FN:70,(anonymous_7)
FN:77,(anonymous_8)
FN:83,(anonymous_9)
FN:84,(anonymous_10)
FN:98,(anonymous_11)
FN:105,(anonymous_12)
FN:112,(anonymous_13)
FN:120,(anonymous_14)
FN:126,(anonymous_15)
FN:141,(anonymous_16)
FN:147,(anonymous_17)
FN:148,(anonymous_18)
FN:184,(anonymous_19)
FN:210,(anonymous_20)
FN:219,(anonymous_21)
FN:221,(anonymous_22)
FN:262,(anonymous_23)
FN:268,(anonymous_24)
FN:277,(anonymous_25)
FN:280,(anonymous_26)
FN:289,(anonymous_27)
FN:293,(anonymous_28)
FN:308,(anonymous_29)
FN:325,(anonymous_30)
FN:342,(anonymous_31)
FN:376,(anonymous_32)
FN:384,(anonymous_33)
FN:397,(anonymous_34)
FN:412,(anonymous_35)
FN:431,(anonymous_36)
FN:440,(anonymous_37)
FN:449,(anonymous_38)
FN:456,(anonymous_39)
FN:469,(anonymous_40)
FN:476,(anonymous_41)
FN:488,(anonymous_42)
FN:499,(anonymous_43)
FN:513,(anonymous_44)
FN:529,(anonymous_45)
FN:557,(anonymous_46)
FN:562,(anonymous_47)
FN:586,(anonymous_48)
FN:590,(anonymous_49)
FN:594,(anonymous_50)
FN:598,(anonymous_51)
FN:605,(anonymous_52)
FN:686,(anonymous_53)
FN:736,(anonymous_54)
FN:744,(anonymous_55)
FN:800,(anonymous_56)
FN:830,(anonymous_57)
FN:844,(anonymous_58)
FN:856,(anonymous_59)
FN:861,(anonymous_60)
FN:873,(anonymous_61)
FN:878,(anonymous_62)
FN:885,(anonymous_63)
FN:910,(anonymous_64)
FN:916,(anonymous_65)
FN:922,(anonymous_66)
FN:927,(anonymous_67)
FN:952,(anonymous_68)
FN:958,(anonymous_69)
FN:964,(anonymous_70)
FN:969,(anonymous_71)
FN:1005,(anonymous_72)
FN:1010,(anonymous_73)
FN:1016,(anonymous_74)
FN:1031,(anonymous_75)
FN:1036,(anonymous_76)
FN:1050,(anonymous_77)
FN:1060,(anonymous_78)
FN:1079,(anonymous_79)
FN:1085,(anonymous_80)
FN:1140,(anonymous_81)
FN:1155,(anonymous_82)
FN:1226,(anonymous_83)
FNF:84
FNH:0
FNDA:0,(anonymous_0)
FNDA:0,(anonymous_1)
FNDA:0,(anonymous_2)
FNDA:0,(anonymous_3)
FNDA:0,(anonymous_4)
FNDA:0,(anonymous_5)
FNDA:0,(anonymous_6)
FNDA:0,(anonymous_7)
FNDA:0,(anonymous_8)
FNDA:0,(anonymous_9)
FNDA:0,(anonymous_10)
FNDA:0,(anonymous_11)
FNDA:0,(anonymous_12)
FNDA:0,(anonymous_13)
FNDA:0,(anonymous_14)
FNDA:0,(anonymous_15)
FNDA:0,(anonymous_16)
FNDA:0,(anonymous_17)
FNDA:0,(anonymous_18)
FNDA:0,(anonymous_19)
FNDA:0,(anonymous_20)
FNDA:0,(anonymous_21)
FNDA:0,(anonymous_22)
FNDA:0,(anonymous_23)
FNDA:0,(anonymous_24)
FNDA:0,(anonymous_25)
FNDA:0,(anonymous_26)
FNDA:0,(anonymous_27)
FNDA:0,(anonymous_28)
FNDA:0,(anonymous_29)
FNDA:0,(anonymous_30)
FNDA:0,(anonymous_31)
FNDA:0,(anonymous_32)
FNDA:0,(anonymous_33)
FNDA:0,(anonymous_34)
FNDA:0,(anonymous_35)
FNDA:0,(anonymous_36)
FNDA:0,(anonymous_37)
FNDA:0,(anonymous_38)
FNDA:0,(anonymous_39)
FNDA:0,(anonymous_40)
FNDA:0,(anonymous_41)
FNDA:0,(anonymous_42)
FNDA:0,(anonymous_43)
FNDA:0,(anonymous_44)
FNDA:0,(anonymous_45)
FNDA:0,(anonymous_46)
FNDA:0,(anonymous_47)
FNDA:0,(anonymous_48)
FNDA:0,(anonymous_49)
FNDA:0,(anonymous_50)
FNDA:0,(anonymous_51)
FNDA:0,(anonymous_52)
FNDA:0,(anonymous_53)
FNDA:0,(anonymous_54)
FNDA:0,(anonymous_55)
FNDA:0,(anonymous_56)
FNDA:0,(anonymous_57)
FNDA:0,(anonymous_58)
FNDA:0,(anonymous_59)
FNDA:0,(anonymous_60)
FNDA:0,(anonymous_61)
FNDA:0,(anonymous_62)
FNDA:0,(anonymous_63)
FNDA:0,(anonymous_64)
FNDA:0,(anonymous_65)
FNDA:0,(anonymous_66)
FNDA:0,(anonymous_67)
FNDA:0,(anonymous_68)
FNDA:0,(anonymous_69)
FNDA:0,(anonymous_70)
FNDA:0,(anonymous_71)
FNDA:0,(anonymous_72)
FNDA:0,(anonymous_73)
FNDA:0,(anonymous_74)
FNDA:0,(anonymous_75)
FNDA:0,(anonymous_76)
FNDA:0,(anonymous_77)
FNDA:0,(anonymous_78)
FNDA:0,(anonymous_79)
FNDA:0,(anonymous_80)
FNDA:0,(anonymous_81)
FNDA:0,(anonymous_82)
FNDA:0,(anonymous_83)
DA:3,0
DA:4,0
DA:5,0
DA:6,0
DA:7,0
DA:8,0
DA:10,0
DA:14,0
DA:15,0
DA:16,0
DA:17,0
DA:18,0
DA:19,0
DA:20,0
DA:22,0
DA:27,0
DA:28,0
DA:29,0
DA:30,0
DA:31,0
DA:32,0
DA:37,0
DA:41,0
DA:42,0
DA:43,0
DA:44,0
DA:46,0
DA:49,0
DA:54,0
DA:55,0
DA:56,0
DA:57,0
DA:61,0
DA:62,0
DA:63,0
DA:64,0
DA:68,0
DA:69,0
DA:70,0
DA:71,0
DA:75,0
DA:76,0
DA:77,0
DA:78,0
DA:83,0
DA:84,0
DA:85,0
DA:86,0
DA:87,0
DA:88,0
DA:89,0
DA:90,0
DA:91,0
DA:96,0
DA:97,0
DA:98,0
DA:99,0
DA:103,0
DA:104,0
DA:105,0
DA:106,0
DA:110,0
DA:111,0
DA:112,0
DA:113,0
DA:114,0
DA:118,0
DA:119,0
DA:120,0
DA:121,0
DA:122,0
DA:126,0
DA:127,0
DA:128,0
DA:129,0
DA:130,0
DA:131,0
DA:132,0
DA:133,0
DA:139,0
DA:140,0
DA:141,0
DA:142,0
DA:148,0
DA:149,0
DA:152,0
DA:154,0
DA:156,0
DA:157,0
DA:158,0
DA:160,0
DA:161,0
DA:162,0
DA:165,0
DA:166,0
DA:167,0
DA:169,0
DA:170,0
DA:171,0
DA:173,0
DA:174,0
DA:175,0
DA:177,0
DA:178,0
DA:179,0
DA:185,0
DA:186,0
DA:187,0
DA:188,0
DA:191,0
DA:192,0
DA:194,0
DA:195,0
DA:196,0
DA:198,0
DA:199,0
DA:202,0
DA:205,0
DA:206,0
DA:211,0
DA:212,0
DA:215,0
DA:218,0
DA:219,0
DA:221,0
DA:223,0
DA:224,0
DA:225,0
DA:228,0
DA:229,0
DA:230,0
DA:233,0
DA:234,0
DA:235,0
DA:238,0
DA:239,0
DA:240,0
DA:241,0
DA:244,0
DA:245,0
DA:248,0
DA:249,0
DA:250,0
DA:251,0
DA:252,0
DA:255,0
DA:256,0
DA:257,0
DA:258,0
DA:259,0
DA:262,0
DA:263,0
DA:264,0
DA:268,0
DA:269,0
DA:270,0
DA:273,0
DA:278,0
DA:280,0
DA:281,0
DA:284,0
DA:286,0
DA:288,0
DA:289,0
DA:290,0
DA:294,0
DA:295,0
DA:297,0
DA:298,0
DA:299,0
DA:301,0
DA:302,0
DA:304,0
DA:309,0
DA:311,0
DA:312,0
DA:313,0
DA:316,0
DA:319,0
DA:320,0
DA:322,0
DA:325,0
DA:327,0
DA:328,0
DA:329,0
DA:330,0
DA:331,0
DA:335,0
DA:336,0
DA:337,0
DA:338,0
DA:342,0
DA:343,0
DA:344,0
DA:345,0
DA:346,0
DA:348,0
DA:350,0
DA:367,0
DA:371,0
DA:372,0
DA:378,0
DA:379,0
DA:382,0
DA:384,0
DA:385,0
DA:388,0
DA:389,0
DA:391,0
DA:392,0
DA:394,0
DA:398,0
DA:399,0
DA:400,0
DA:401,0
DA:402,0
DA:403,0
DA:404,0
DA:406,0
DA:407,0
DA:413,0
DA:414,0
DA:416,0
DA:428,0
DA:432,0
DA:434,0
DA:435,0
DA:436,0
DA:441,0
DA:443,0
DA:444,0
DA:445,0
DA:450,0
DA:452,0
DA:453,0
DA:457,0
DA:459,0
DA:460,0
DA:462,0
DA:463,0
DA:464,0
DA:466,0
DA:470,0
DA:472,0
DA:473,0
DA:477,0
DA:478,0
DA:484,0
DA:489,0
DA:490,0
DA:494,0
DA:495,0
DA:496,0
DA:499,0
DA:500,0
DA:501,0
DA:502,0
DA:503,0
DA:504,0
DA:508,0
DA:509,0
DA:514,0
DA:515,0
DA:516,0
DA:517,0
DA:518,0
DA:519,0
DA:521,0
DA:524,0
DA:525,0
DA:528,0
DA:529,0
DA:530,0
DA:531,0
DA:533,0
DA:534,0
DA:535,0
DA:536,0
DA:538,0
DA:543,0
DA:544,0
DA:545,0
DA:546,0
DA:548,0
DA:551,0
DA:553,0
DA:558,0
DA:559,0
DA:563,0
DA:564,0
DA:565,0
DA:566,0
DA:567,0
DA:570,0
DA:571,0
DA:572,0
DA:573,0
DA:575,0
DA:577,0
DA:578,0
DA:579,0
DA:580,0
DA:582,0
DA:583,0
DA:587,0
DA:591,0
DA:595,0
DA:599,0
DA:600,0
DA:601,0
DA:602,0
DA:606,0
DA:607,0
DA:608,0
DA:609,0
DA:611,0
DA:612,0
DA:613,0
DA:616,0
DA:619,0
DA:620,0
DA:621,0
DA:625,0
DA:626,0
DA:627,0
DA:628,0
DA:630,0
DA:631,0
DA:632,0
DA:634,0
DA:639,0
DA:640,0
DA:641,0
DA:642,0
DA:643,0
DA:644,0
DA:645,0
DA:648,0
DA:649,0
DA:650,0
DA:651,0
DA:652,0
DA:654,0
DA:655,0
DA:656,0
DA:657,0
DA:659,0
DA:660,0
DA:661,0
DA:663,0
DA:666,0
DA:667,0
DA:668,0
DA:669,0
DA:673,0
DA:676,0
DA:679,0
DA:680,0
DA:681,0
DA:682,0
DA:687,0
DA:688,0
DA:689,0
DA:690,0
DA:691,0
DA:694,0
DA:695,0
DA:696,0
DA:697,0
DA:700,0
DA:701,0
DA:704,0
DA:720,0
DA:721,0
DA:730,0
DA:731,0
DA:734,0
DA:735,0
DA:736,0
DA:737,0
DA:738,0
DA:739,0
DA:740,0
DA:744,0
DA:745,0
DA:748,0
DA:750,0
DA:751,0
DA:757,0
DA:758,0
DA:759,0
DA:760,0
DA:761,0
DA:762,0
DA:763,0
DA:764,0
DA:765,0
DA:766,0
DA:767,0
DA:768,0
DA:770,0
DA:773,0
DA:774,0
DA:775,0
DA:776,0
DA:780,0
DA:783,0
DA:786,0
DA:787,0
DA:788,0
DA:789,0
DA:791,0
DA:793,0
DA:794,0
DA:795,0
DA:796,0
DA:801,0
DA:803,0
DA:804,0
DA:808,0
DA:809,0
DA:810,0
DA:814,0
DA:815,0
DA:816,0
DA:818,0
DA:819,0
DA:820,0
DA:823,0
DA:825,0
DA:826,0
DA:831,0
DA:832,0
DA:834,0
DA:835,0
DA:838,0
DA:840,0
DA:845,0
DA:846,0
DA:847,0
DA:850,0
DA:851,0
DA:852,0
DA:854,0
DA:856,0
DA:857,0
DA:862,0
DA:863,0
DA:864,0
DA:867,0
DA:868,0
DA:869,0
DA:871,0
DA:873,0
DA:874,0
DA:879,0
DA:880,0
DA:881,0
DA:886,0
DA:887,0
DA:888,0
DA:889,0
DA:908,0
DA:910,0
DA:911,0
DA:914,0
DA:915,0
DA:916,0
DA:917,0
DA:918,0
DA:922,0
DA:923,0
DA:928,0
DA:929,0
DA:930,0
DA:931,0
DA:950,0
DA:952,0
DA:953,0
DA:956,0
DA:957,0
DA:958,0
DA:959,0
DA:960,0
DA:964,0
DA:965,0
DA:970,0
DA:972,0
DA:973,0
DA:974,0
DA:976,0
DA:979,0
DA:984,0
DA:985,0
DA:986,0
DA:989,0
DA:992,0
DA:995,0
DA:996,0
DA:997,0
DA:999,0
DA:1006,0
DA:1007,0
DA:1011,0
DA:1012,0
DA:1013,0
DA:1017,0
DA:1018,0
DA:1019,0
DA:1029,0
DA:1031,0
DA:1032,0
DA:1037,0
DA:1038,0
DA:1039,0
DA:1040,0
DA:1041,0
DA:1043,0
DA:1046,0
DA:1051,0
DA:1052,0
DA:1053,0
DA:1054,0
DA:1056,0
DA:1061,0
DA:1063,0
DA:1066,0
DA:1068,0
DA:1069,0
DA:1070,0
DA:1077,0
DA:1079,0
DA:1080,0
DA:1086,0
DA:1087,0
DA:1090,0
DA:1091,0
DA:1092,0
DA:1094,0
DA:1095,0
DA:1096,0
DA:1102,0
DA:1103,0
DA:1104,0
DA:1110,0
DA:1111,0
DA:1112,0
DA:1118,0
DA:1119,0
DA:1120,0
DA:1121,0
DA:1128,0
DA:1129,0
DA:1137,0
DA:1142,0
DA:1143,0
DA:1144,0
DA:1145,0
DA:1146,0
DA:1147,0
DA:1148,0
DA:1152,0
DA:1156,0
DA:1157,0
DA:1159,0
DA:1160,0
DA:1161,0
DA:1164,0
DA:1165,0
DA:1166,0
DA:1168,0
DA:1169,0
DA:1177,0
DA:1178,0
DA:1186,0
DA:1187,0
DA:1195,0
DA:1196,0
DA:1197,0
DA:1198,0
DA:1199,0
DA:1201,0
DA:1211,0
DA:1222,0
DA:1226,0
DA:1227,0
LF:586
LH:0
BRDA:15,0,0,0
BRDA:15,0,1,0
BRDA:29,1,0,0
BRDA:29,1,1,0
BRDA:43,2,0,0
BRDA:43,2,1,0
BRDA:55,3,0,0
BRDA:55,3,1,0
BRDA:62,4,0,0
BRDA:62,4,1,0
BRDA:69,5,0,0
BRDA:69,5,1,0
BRDA:76,6,0,0
BRDA:76,6,1,0
BRDA:86,7,0,0
BRDA:86,7,1,0
BRDA:88,8,0,0
BRDA:88,8,1,0
BRDA:90,9,0,0
BRDA:90,9,1,0
BRDA:97,10,0,0
BRDA:97,10,1,0
BRDA:104,11,0,0
BRDA:104,11,1,0
BRDA:111,12,0,0
BRDA:111,12,1,0
BRDA:119,13,0,0
BRDA:119,13,1,0
BRDA:127,14,0,0
BRDA:127,14,1,0
BRDA:128,15,0,0
BRDA:128,15,1,0
BRDA:130,16,0,0
BRDA:130,16,1,0
BRDA:132,17,0,0
BRDA:132,17,1,0
BRDA:140,18,0,0
BRDA:140,18,1,0
BRDA:149,19,0,0
BRDA:149,19,1,0
BRDA:149,20,0,0
BRDA:149,20,1,0
BRDA:152,21,0,0
BRDA:152,21,1,0
BRDA:152,22,0,0
BRDA:152,22,1,0
BRDA:154,23,0,0
BRDA:154,23,1,0
BRDA:154,23,2,0
BRDA:154,23,3,0
BRDA:154,23,4,0
BRDA:154,23,5,0
BRDA:154,23,6,0
BRDA:187,24,0,0
BRDA:187,24,1,0
BRDA:194,25,0,0
BRDA:194,25,1,0
BRDA:198,26,0,0
BRDA:198,26,1,0
BRDA:211,27,0,0
BRDA:211,27,1,0
BRDA:263,28,0,0
BRDA:263,28,1,0
BRDA:288,29,0,0
BRDA:288,29,1,0
BRDA:289,30,0,0
BRDA:289,30,1,0
BRDA:297,31,0,0
BRDA:297,31,1,0
BRDA:311,32,0,0
BRDA:311,32,1,0
BRDA:327,33,0,0
BRDA:327,33,1,0
BRDA:336,34,0,0
BRDA:336,34,1,0
BRDA:336,35,0,0
BRDA:336,35,1,0
BRDA:344,36,0,0
BRDA:344,36,1,0
BRDA:356,37,0,0
BRDA:356,37,1,0
BRDA:360,38,0,0
BRDA:360,38,1,0
BRDA:364,39,0,0
BRDA:364,39,1,0
BRDA:371,40,0,0
BRDA:371,40,1,0
BRDA:378,41,0,0
BRDA:378,41,1,0
BRDA:378,42,0,0
BRDA:378,42,1,0
BRDA:398,43,0,0
BRDA:398,43,1,0
BRDA:398,44,0,0
BRDA:398,44,1,0
BRDA:400,45,0,0
BRDA:400,45,1,0
BRDA:403,46,0,0
BRDA:403,46,1,0
BRDA:420,47,0,0
BRDA:420,47,1,0
BRDA:424,48,0,0
BRDA:424,48,1,0
BRDA:424,48,2,0
BRDA:432,49,0,0
BRDA:432,49,1,0
BRDA:432,50,0,0
BRDA:432,50,1,0
BRDA:435,51,0,0
BRDA:435,51,1,0
BRDA:441,52,0,0
BRDA:441,52,1,0
BRDA:441,53,0,0
BRDA:441,53,1,0
BRDA:444,54,0,0
BRDA:444,54,1,0
BRDA:450,55,0,0
BRDA:450,55,1,0
BRDA:457,56,0,0
BRDA:457,56,1,0
BRDA:470,57,0,0
BRDA:470,57,1,0
BRDA:494,58,0,0
BRDA:494,58,1,0
BRDA:500,59,0,0
BRDA:500,59,1,0
BRDA:503,60,0,0
BRDA:503,60,1,0
BRDA:516,61,0,0
BRDA:516,61,1,0
BRDA:518,62,0,0
BRDA:518,62,1,0
BRDA:530,63,0,0
BRDA:530,63,1,0
BRDA:530,63,2,0
BRDA:534,64,0,0
BRDA:534,64,1,0
BRDA:544,65,0,0
BRDA:544,65,1,0
BRDA:571,66,0,0
BRDA:571,66,1,0
BRDA:572,67,0,0
BRDA:572,67,1,0
BRDA:611,68,0,0
BRDA:611,68,1,0
BRDA:611,69,0,0
BRDA:611,69,1,0
BRDA:619,70,0,0
BRDA:619,70,1,0
BRDA:639,71,0,0
BRDA:639,71,1,0
BRDA:650,72,0,0
BRDA:650,72,1,0
BRDA:652,73,0,0
BRDA:652,73,1,0
BRDA:654,74,0,0
BRDA:654,74,1,0
BRDA:660,75,0,0
BRDA:660,75,1,0
BRDA:663,76,0,0
BRDA:663,76,1,0
BRDA:669,77,0,0
BRDA:669,77,1,0
BRDA:737,78,0,0
BRDA:737,78,1,0
BRDA:757,79,0,0
BRDA:757,79,1,0
BRDA:763,80,0,0
BRDA:763,80,1,0
BRDA:765,81,0,0
BRDA:765,81,1,0
BRDA:767,82,0,0
BRDA:767,82,1,0
BRDA:770,83,0,0
BRDA:770,83,1,0
BRDA:776,84,0,0
BRDA:776,84,1,0
BRDA:787,85,0,0
BRDA:787,85,1,0
BRDA:788,86,0,0
BRDA:788,86,1,0
BRDA:801,87,0,0
BRDA:801,87,1,0
BRDA:808,88,0,0
BRDA:808,88,1,0
BRDA:810,89,0,0
BRDA:810,89,1,0
BRDA:834,90,0,0
BRDA:834,90,1,0
BRDA:846,91,0,0
BRDA:846,91,1,0
BRDA:863,92,0,0
BRDA:863,92,1,0
BRDA:923,93,0,0
BRDA:923,93,1,0
BRDA:965,94,0,0
BRDA:965,94,1,0
BRDA:973,95,0,0
BRDA:973,95,1,0
BRDA:984,96,0,0
BRDA:984,96,1,0
BRDA:986,97,0,0
BRDA:986,97,1,0
BRDA:996,98,0,0
BRDA:996,98,1,0
BRDA:1039,99,0,0
BRDA:1039,99,1,0
BRDA:1061,100,0,0
BRDA:1061,100,1,0
BRDA:1086,101,0,0
BRDA:1086,101,1,0
BRDA:1094,102,0,0
BRDA:1094,102,1,0
BRDA:1102,103,0,0
BRDA:1102,103,1,0
BRDA:1110,104,0,0
BRDA:1110,104,1,0
BRDA:1118,105,0,0
BRDA:1118,105,1,0
BRDA:1120,106,0,0
BRDA:1120,106,1,0
BRDA:1143,107,0,0
BRDA:1143,107,1,0
BRDA:1157,108,0,0
BRDA:1157,108,1,0
BRDA:1159,109,0,0
BRDA:1159,109,1,0
BRDA:1168,110,0,0
BRDA:1168,110,1,0
BRDA:1177,111,0,0
BRDA:1177,111,1,0
BRDA:1186,112,0,0
BRDA:1186,112,1,0
BRDA:1195,113,0,0
BRDA:1195,113,1,0
BRDA:1196,114,0,0
BRDA:1196,114,1,0
BRDA:1197,115,0,0
BRDA:1197,115,1,0
BRDA:1198,116,0,0
BRDA:1198,116,1,0
BRDA:1207,117,0,0
BRDA:1207,117,1,0
BRDA:1207,118,0,0
BRDA:1207,118,1,0
BRF:245
BRH:0
end_of_record
